  Heap.cpp
c:\users\sebastian\documents\studia\iv sem\sdizo\projekt\projekt 1\struktury danych projekt\heap.cpp(7): warning C4018: '<': signed/unsigned mismatch
c:\users\sebastian\documents\studia\iv sem\sdizo\projekt\projekt 1\struktury danych projekt\heap.cpp(14): warning C4018: '<': signed/unsigned mismatch
c:\users\sebastian\documents\studia\iv sem\sdizo\projekt\projekt 1\struktury danych projekt\heap.cpp(57): warning C4309: '=': truncation of constant value
c:\users\sebastian\documents\studia\iv sem\sdizo\projekt\projekt 1\struktury danych projekt\heap.cpp(58): warning C4309: '=': truncation of constant value
c:\users\sebastian\documents\studia\iv sem\sdizo\projekt\projekt 1\struktury danych projekt\heap.cpp(59): warning C4309: '=': truncation of constant value
c:\users\sebastian\documents\studia\iv sem\sdizo\projekt\projekt 1\struktury danych projekt\heap.cpp(68): warning C4018: '<': signed/unsigned mismatch
c:\users\sebastian\documents\studia\iv sem\sdizo\projekt\projekt 1\struktury danych projekt\heap.cpp(95): warning C4018: '<': signed/unsigned mismatch
c:\users\sebastian\documents\studia\iv sem\sdizo\projekt\projekt 1\struktury danych projekt\heap.cpp(107): warning C4018: '<': signed/unsigned mismatch
c:\users\sebastian\documents\studia\iv sem\sdizo\projekt\projekt 1\struktury danych projekt\heap.cpp(126): warning C4018: '<': signed/unsigned mismatch
c:\users\sebastian\documents\studia\iv sem\sdizo\projekt\projekt 1\struktury danych projekt\heap.cpp(139): warning C4018: '>=': signed/unsigned mismatch
c:\users\sebastian\documents\studia\iv sem\sdizo\projekt\projekt 1\struktury danych projekt\heap.cpp(149): warning C4018: '<': signed/unsigned mismatch
c:\users\sebastian\documents\studia\iv sem\sdizo\projekt\projekt 1\struktury danych projekt\heap.cpp(158): warning C4018: '<': signed/unsigned mismatch
c:\users\sebastian\documents\studia\iv sem\sdizo\projekt\projekt 1\struktury danych projekt\heap.cpp(177): warning C4018: '<': signed/unsigned mismatch
  List.cpp
c:\users\sebastian\documents\studia\iv sem\sdizo\projekt\projekt 1\struktury danych projekt\list.cpp(160): warning C4018: '<': signed/unsigned mismatch
c:\users\sebastian\documents\studia\iv sem\sdizo\projekt\projekt 1\struktury danych projekt\list.cpp(187): warning C4018: '<': signed/unsigned mismatch
c:\users\sebastian\documents\studia\iv sem\sdizo\projekt\projekt 1\struktury danych projekt\list.cpp(215): warning C4018: '<': signed/unsigned mismatch
  Main.cpp
c:\users\sebastian\documents\studia\iv sem\sdizo\projekt\projekt 1\struktury danych projekt\main.cpp(6): warning C4244: 'argument': conversion from 'time_t' to 'unsigned int', possible loss of data
  Menu.cpp
  Tab.cpp
c:\users\sebastian\documents\studia\iv sem\sdizo\projekt\projekt 1\struktury danych projekt\tab.cpp(18): warning C4018: '<': signed/unsigned mismatch
c:\users\sebastian\documents\studia\iv sem\sdizo\projekt\projekt 1\struktury danych projekt\tab.cpp(36): warning C4018: '<': signed/unsigned mismatch
c:\users\sebastian\documents\studia\iv sem\sdizo\projekt\projekt 1\struktury danych projekt\tab.cpp(49): warning C4018: '<': signed/unsigned mismatch
c:\users\sebastian\documents\studia\iv sem\sdizo\projekt\projekt 1\struktury danych projekt\tab.cpp(62): warning C4018: '<': signed/unsigned mismatch
c:\users\sebastian\documents\studia\iv sem\sdizo\projekt\projekt 1\struktury danych projekt\tab.cpp(71): warning C4018: '<': signed/unsigned mismatch
c:\users\sebastian\documents\studia\iv sem\sdizo\projekt\projekt 1\struktury danych projekt\tab.cpp(84): warning C4018: '<': signed/unsigned mismatch
c:\users\sebastian\documents\studia\iv sem\sdizo\projekt\projekt 1\struktury danych projekt\tab.cpp(91): warning C4018: '>': signed/unsigned mismatch
c:\users\sebastian\documents\studia\iv sem\sdizo\projekt\projekt 1\struktury danych projekt\tab.cpp(96): warning C4018: '<': signed/unsigned mismatch
c:\users\sebastian\documents\studia\iv sem\sdizo\projekt\projekt 1\struktury danych projekt\tab.cpp(98): warning C4018: '<': signed/unsigned mismatch
c:\users\sebastian\documents\studia\iv sem\sdizo\projekt\projekt 1\struktury danych projekt\tab.cpp(101): warning C4018: '<': signed/unsigned mismatch
c:\users\sebastian\documents\studia\iv sem\sdizo\projekt\projekt 1\struktury danych projekt\tab.cpp(120): warning C4018: '<': signed/unsigned mismatch
c:\users\sebastian\documents\studia\iv sem\sdizo\projekt\projekt 1\struktury danych projekt\tab.cpp(124): warning C4018: '<': signed/unsigned mismatch
c:\users\sebastian\documents\studia\iv sem\sdizo\projekt\projekt 1\struktury danych projekt\tab.cpp(149): warning C4018: '<': signed/unsigned mismatch
  Generating code
  278 of 278 functions (100.0%) were compiled.
    95 functions were new in current compilation
    0 functions had inline decision re-evaluated but remain unchanged
  Finished generating code
  Struktury Danych Projekt.vcxproj -> C:\Users\Sebastian\Documents\Studia\IV sem\Sdizo\Projekt\Projekt 1\Release\Struktury Danych Projekt.exe
